This is pdfTeX, Version 3.14159265-2.6-1.40.21 (MiKTeX 2.9.7400 64-bit) (preloaded format=pdflatex 2020.5.9)  23 JUL 2022 17:37
entering extended mode
**./ML.tex
(ML.tex
LaTeX2e <2020-02-02> patch level 5
L3 programming layer <2020-04-06>
("C:\Users\Alex_Machine\AppData\Local\Programs\MiKTeX 2.9\tex/latex/base\book.c
ls"
Document Class: book 2019/12/20 v1.4l Standard LaTeX document class

("C:\Users\Alex_Machine\AppData\Local\Programs\MiKTeX 2.9\tex/latex/base\bk10.c
lo"
File: bk10.clo 2019/12/20 v1.4l Standard LaTeX file (size option)
)
\c@part=\count167
\c@chapter=\count168
\c@section=\count169
\c@subsection=\count170
\c@subsubsection=\count171
\c@paragraph=\count172
\c@subparagraph=\count173
\c@figure=\count174
\c@table=\count175
\abovecaptionskip=\skip47
\belowcaptionskip=\skip48
\bibindent=\dimen134
)
("C:\Users\Alex_Machine\AppData\Local\Programs\MiKTeX 2.9\tex/generic/babel\bab
el.sty"
Package: babel 2020/03/22 3.42 The Babel package

("C:\Users\Alex_Machine\AppData\Local\Programs\MiKTeX 2.9\tex/generic/babel\swi
tch.def"
File: switch.def 2020/03/22 3.42 Babel switching mechanism
)
*************************************
* Local config file bblopts.cfg used
*

("C:\Users\Alex_Machine\AppData\Local\Programs\MiKTeX 2.9\tex/latex/arabi\bblop
ts.cfg"
File: bblopts.cfg 2005/09/08 v0.1 add Arabic and Farsi to "declared" options of
 babel
)
("C:\Users\Alex_Machine\AppData\Local\Programs\MiKTeX 2.9\tex/latex/babel-russi
an\russianb.ldf"
Language: russian 2017/08/12 1.3j Russian support for the Babel system

("C:\Users\Alex_Machine\AppData\Local\Programs\MiKTeX 2.9\tex/generic/babel\bab
el.def"
File: babel.def 2020/03/22 3.42 Babel common definitions
\babel@savecnt=\count176
\U@D=\dimen135

("C:\Users\Alex_Machine\AppData\Local\Programs\MiKTeX 2.9\tex/generic/babel\txt
babel.def")
\bbl@readstream=\read2
\bbl@dirlevel=\count177
)

Package babel Warning: No Cyrillic font encoding has been loaded so far.
(babel)                A font encoding should be declared before babel.
(babel)                Default `T2A' encoding will be loaded  on input line 74.



("C:\Users\Alex_Machine\AppData\Local\Programs\MiKTeX 2.9\tex/latex/cyrillic\t2
aenc.def"
File: t2aenc.def 2005/09/27 v1.0i Cyrillic encoding definition file
Now handling font encoding T2A ...
... processing UTF-8 mapping file for font encoding T2A

("C:\Users\Alex_Machine\AppData\Local\Programs\MiKTeX 2.9\tex/latex/base\t2aenc
.dfu"
File: t2aenc.dfu 2019/11/14 v1.2k UTF-8 support for inputenc
   defining Unicode char U+00A4 (decimal 164)
   defining Unicode char U+00A7 (decimal 167)
   defining Unicode char U+00AB (decimal 171)
   defining Unicode char U+00BB (decimal 187)
   defining Unicode char U+0131 (decimal 305)
   defining Unicode char U+0237 (decimal 567)
   defining Unicode char U+0400 (decimal 1024)
   defining Unicode char U+0401 (decimal 1025)
   defining Unicode char U+0402 (decimal 1026)
   defining Unicode char U+0403 (decimal 1027)
   defining Unicode char U+0404 (decimal 1028)
   defining Unicode char U+0405 (decimal 1029)
   defining Unicode char U+0406 (decimal 1030)
   defining Unicode char U+0407 (decimal 1031)
   defining Unicode char U+0408 (decimal 1032)
   defining Unicode char U+0409 (decimal 1033)
   defining Unicode char U+040A (decimal 1034)
   defining Unicode char U+040B (decimal 1035)
   defining Unicode char U+040C (decimal 1036)
   defining Unicode char U+040D (decimal 1037)
   defining Unicode char U+040E (decimal 1038)
   defining Unicode char U+040F (decimal 1039)
   defining Unicode char U+0410 (decimal 1040)
   defining Unicode char U+0411 (decimal 1041)
   defining Unicode char U+0412 (decimal 1042)
   defining Unicode char U+0413 (decimal 1043)
   defining Unicode char U+0414 (decimal 1044)
   defining Unicode char U+0415 (decimal 1045)
   defining Unicode char U+0416 (decimal 1046)
   defining Unicode char U+0417 (decimal 1047)
   defining Unicode char U+0418 (decimal 1048)
   defining Unicode char U+0419 (decimal 1049)
   defining Unicode char U+041A (decimal 1050)
   defining Unicode char U+041B (decimal 1051)
   defining Unicode char U+041C (decimal 1052)
   defining Unicode char U+041D (decimal 1053)
   defining Unicode char U+041E (decimal 1054)
   defining Unicode char U+041F (decimal 1055)
   defining Unicode char U+0420 (decimal 1056)
   defining Unicode char U+0421 (decimal 1057)
   defining Unicode char U+0422 (decimal 1058)
   defining Unicode char U+0423 (decimal 1059)
   defining Unicode char U+0424 (decimal 1060)
   defining Unicode char U+0425 (decimal 1061)
   defining Unicode char U+0426 (decimal 1062)
   defining Unicode char U+0427 (decimal 1063)
   defining Unicode char U+0428 (decimal 1064)
   defining Unicode char U+0429 (decimal 1065)
   defining Unicode char U+042A (decimal 1066)
   defining Unicode char U+042B (decimal 1067)
   defining Unicode char U+042C (decimal 1068)
   defining Unicode char U+042D (decimal 1069)
   defining Unicode char U+042E (decimal 1070)
   defining Unicode char U+042F (decimal 1071)
   defining Unicode char U+0430 (decimal 1072)
   defining Unicode char U+0431 (decimal 1073)
   defining Unicode char U+0432 (decimal 1074)
   defining Unicode char U+0433 (decimal 1075)
   defining Unicode char U+0434 (decimal 1076)
   defining Unicode char U+0435 (decimal 1077)
   defining Unicode char U+0436 (decimal 1078)
   defining Unicode char U+0437 (decimal 1079)
   defining Unicode char U+0438 (decimal 1080)
   defining Unicode char U+0439 (decimal 1081)
   defining Unicode char U+043A (decimal 1082)
   defining Unicode char U+043B (decimal 1083)
   defining Unicode char U+043C (decimal 1084)
   defining Unicode char U+043D (decimal 1085)
   defining Unicode char U+043E (decimal 1086)
   defining Unicode char U+043F (decimal 1087)
   defining Unicode char U+0440 (decimal 1088)
   defining Unicode char U+0441 (decimal 1089)
   defining Unicode char U+0442 (decimal 1090)
   defining Unicode char U+0443 (decimal 1091)
   defining Unicode char U+0444 (decimal 1092)
   defining Unicode char U+0445 (decimal 1093)
   defining Unicode char U+0446 (decimal 1094)
   defining Unicode char U+0447 (decimal 1095)
   defining Unicode char U+0448 (decimal 1096)
   defining Unicode char U+0449 (decimal 1097)
   defining Unicode char U+044A (decimal 1098)
   defining Unicode char U+044B (decimal 1099)
   defining Unicode char U+044C (decimal 1100)
   defining Unicode char U+044D (decimal 1101)
   defining Unicode char U+044E (decimal 1102)
   defining Unicode char U+044F (decimal 1103)
   defining Unicode char U+0450 (decimal 1104)
   defining Unicode char U+0451 (decimal 1105)
   defining Unicode char U+0452 (decimal 1106)
   defining Unicode char U+0453 (decimal 1107)
   defining Unicode char U+0454 (decimal 1108)
   defining Unicode char U+0455 (decimal 1109)
   defining Unicode char U+0456 (decimal 1110)
   defining Unicode char U+0457 (decimal 1111)
   defining Unicode char U+0458 (decimal 1112)
   defining Unicode char U+0459 (decimal 1113)
   defining Unicode char U+045A (decimal 1114)
   defining Unicode char U+045B (decimal 1115)
   defining Unicode char U+045C (decimal 1116)
   defining Unicode char U+045D (decimal 1117)
   defining Unicode char U+045E (decimal 1118)
   defining Unicode char U+045F (decimal 1119)
   defining Unicode char U+0490 (decimal 1168)
   defining Unicode char U+0491 (decimal 1169)
   defining Unicode char U+0492 (decimal 1170)
   defining Unicode char U+0493 (decimal 1171)
   defining Unicode char U+0496 (decimal 1174)
   defining Unicode char U+0497 (decimal 1175)
   defining Unicode char U+0498 (decimal 1176)
   defining Unicode char U+0499 (decimal 1177)
   defining Unicode char U+049A (decimal 1178)
   defining Unicode char U+049B (decimal 1179)
   defining Unicode char U+049C (decimal 1180)
   defining Unicode char U+049D (decimal 1181)
   defining Unicode char U+04A0 (decimal 1184)
   defining Unicode char U+04A1 (decimal 1185)
   defining Unicode char U+04A2 (decimal 1186)
   defining Unicode char U+04A3 (decimal 1187)
   defining Unicode char U+04A4 (decimal 1188)
   defining Unicode char U+04A5 (decimal 1189)
   defining Unicode char U+04AA (decimal 1194)
   defining Unicode char U+04AB (decimal 1195)
   defining Unicode char U+04AE (decimal 1198)
   defining Unicode char U+04AF (decimal 1199)
   defining Unicode char U+04B0 (decimal 1200)
   defining Unicode char U+04B1 (decimal 1201)
   defining Unicode char U+04B2 (decimal 1202)
   defining Unicode char U+04B3 (decimal 1203)
   defining Unicode char U+04B6 (decimal 1206)
   defining Unicode char U+04B7 (decimal 1207)
   defining Unicode char U+04B8 (decimal 1208)
   defining Unicode char U+04B9 (decimal 1209)
   defining Unicode char U+04BA (decimal 1210)
   defining Unicode char U+04BB (decimal 1211)
   defining Unicode char U+04C0 (decimal 1216)
   defining Unicode char U+04C1 (decimal 1217)
   defining Unicode char U+04C2 (decimal 1218)
   defining Unicode char U+04D0 (decimal 1232)
   defining Unicode char U+04D1 (decimal 1233)
   defining Unicode char U+04D2 (decimal 1234)
   defining Unicode char U+04D3 (decimal 1235)
   defining Unicode char U+04D4 (decimal 1236)
   defining Unicode char U+04D5 (decimal 1237)
   defining Unicode char U+04D6 (decimal 1238)
   defining Unicode char U+04D7 (decimal 1239)
   defining Unicode char U+04D8 (decimal 1240)
   defining Unicode char U+04D9 (decimal 1241)
   defining Unicode char U+04DA (decimal 1242)
   defining Unicode char U+04DB (decimal 1243)
   defining Unicode char U+04DC (decimal 1244)
   defining Unicode char U+04DD (decimal 1245)
   defining Unicode char U+04DE (decimal 1246)
   defining Unicode char U+04DF (decimal 1247)
   defining Unicode char U+04E2 (decimal 1250)
   defining Unicode char U+04E3 (decimal 1251)
   defining Unicode char U+04E4 (decimal 1252)
   defining Unicode char U+04E5 (decimal 1253)
   defining Unicode char U+04E6 (decimal 1254)
   defining Unicode char U+04E7 (decimal 1255)
   defining Unicode char U+04E8 (decimal 1256)
   defining Unicode char U+04E9 (decimal 1257)
   defining Unicode char U+04EC (decimal 1260)
   defining Unicode char U+04ED (decimal 1261)
   defining Unicode char U+04EE (decimal 1262)
   defining Unicode char U+04EF (decimal 1263)
   defining Unicode char U+04F0 (decimal 1264)
   defining Unicode char U+04F1 (decimal 1265)
   defining Unicode char U+04F2 (decimal 1266)
   defining Unicode char U+04F3 (decimal 1267)
   defining Unicode char U+04F4 (decimal 1268)
   defining Unicode char U+04F5 (decimal 1269)
   defining Unicode char U+04F8 (decimal 1272)
   defining Unicode char U+04F9 (decimal 1273)
   defining Unicode char U+200C (decimal 8204)
   defining Unicode char U+2013 (decimal 8211)
   defining Unicode char U+2014 (decimal 8212)
   defining Unicode char U+2018 (decimal 8216)
   defining Unicode char U+2019 (decimal 8217)
   defining Unicode char U+201C (decimal 8220)
   defining Unicode char U+201D (decimal 8221)
   defining Unicode char U+201E (decimal 8222)
   defining Unicode char U+2030 (decimal 8240)
   defining Unicode char U+2031 (decimal 8241)
   defining Unicode char U+2116 (decimal 8470)
   defining Unicode char U+2329 (decimal 9001)
   defining Unicode char U+232A (decimal 9002)
   defining Unicode char U+2423 (decimal 9251)
   defining Unicode char U+27E8 (decimal 10216)
   defining Unicode char U+27E9 (decimal 10217)
   defining Unicode char U+FB00 (decimal 64256)
   defining Unicode char U+FB01 (decimal 64257)
   defining Unicode char U+FB02 (decimal 64258)
   defining Unicode char U+FB03 (decimal 64259)
   defining Unicode char U+FB04 (decimal 64260)
   defining Unicode char U+FB05 (decimal 64261)
   defining Unicode char U+FB06 (decimal 64262)
))
Package babel Info: Making " an active character on input line 120.
Package babel Info: Default for \cyrdash is provided on input line 157.
))
("C:\Users\Alex_Machine\AppData\Local\Programs\MiKTeX 2.9\tex/latex/amsfonts\am
sfonts.sty"
Package: amsfonts 2013/01/14 v3.01 Basic AMSFonts support
\@emptytoks=\toks15
\symAMSa=\mathgroup4
\symAMSb=\mathgroup5
LaTeX Font Info:    Redeclaring math symbol \hbar on input line 98.
LaTeX Font Info:    Overwriting math alphabet `\mathfrak' in version `bold'
(Font)                  U/euf/m/n --> U/euf/b/n on input line 106.
)
("C:\Users\Alex_Machine\AppData\Local\Programs\MiKTeX 2.9\tex/latex/amsmath\ams
math.sty"
Package: amsmath 2020/01/20 v2.17e AMS math features
\@mathmargin=\skip49

For additional information on amsmath, use the `?' option.

("C:\Users\Alex_Machine\AppData\Local\Programs\MiKTeX 2.9\tex/latex/amsmath\ams
text.sty"
Package: amstext 2000/06/29 v2.01 AMS text

("C:\Users\Alex_Machine\AppData\Local\Programs\MiKTeX 2.9\tex/latex/amsmath\ams
gen.sty"
File: amsgen.sty 1999/11/30 v2.0 generic functions
\@emptytoks=\toks16
\ex@=\dimen136
))
("C:\Users\Alex_Machine\AppData\Local\Programs\MiKTeX 2.9\tex/latex/amsmath\ams
bsy.sty"
Package: amsbsy 1999/11/29 v1.2d Bold Symbols
\pmbraise@=\dimen137
)
("C:\Users\Alex_Machine\AppData\Local\Programs\MiKTeX 2.9\tex/latex/amsmath\ams
opn.sty"
Package: amsopn 2016/03/08 v2.02 operator names
)
\inf@bad=\count178
LaTeX Info: Redefining \frac on input line 227.
\uproot@=\count179
\leftroot@=\count180
LaTeX Info: Redefining \overline on input line 389.
\classnum@=\count181
\DOTSCASE@=\count182
LaTeX Info: Redefining \ldots on input line 486.
LaTeX Info: Redefining \dots on input line 489.
LaTeX Info: Redefining \cdots on input line 610.
\Mathstrutbox@=\box45
\strutbox@=\box46
\big@size=\dimen138
LaTeX Font Info:    Redeclaring font encoding OML on input line 733.
LaTeX Font Info:    Redeclaring font encoding OMS on input line 734.
\macc@depth=\count183
\c@MaxMatrixCols=\count184
\dotsspace@=\muskip16
\c@parentequation=\count185
\dspbrk@lvl=\count186
\tag@help=\toks17
\row@=\count187
\column@=\count188
\maxfields@=\count189
\andhelp@=\toks18
\eqnshift@=\dimen139
\alignsep@=\dimen140
\tagshift@=\dimen141
\tagwidth@=\dimen142
\totwidth@=\dimen143
\lineht@=\dimen144
\@envbody=\toks19
\multlinegap=\skip50
\multlinetaggap=\skip51
\mathdisplay@stack=\toks20
LaTeX Info: Redefining \[ on input line 2859.
LaTeX Info: Redefining \] on input line 2860.
)
("C:\Users\Alex_Machine\AppData\Local\Programs\MiKTeX 2.9\tex/latex/setspace\se
tspace.sty"
Package: setspace 2011/12/19 v6.7a set line spacing
)
("C:\Users\Alex_Machine\AppData\Local\Programs\MiKTeX 2.9\tex/latex/graphics\gr
aphicx.sty"
Package: graphicx 2019/11/30 v1.2a Enhanced LaTeX Graphics (DPC,SPQR)

("C:\Users\Alex_Machine\AppData\Local\Programs\MiKTeX 2.9\tex/latex/graphics\ke
yval.sty"
Package: keyval 2014/10/28 v1.15 key=value parser (DPC)
\KV@toks@=\toks21
)
("C:\Users\Alex_Machine\AppData\Local\Programs\MiKTeX 2.9\tex/latex/graphics\gr
aphics.sty"
Package: graphics 2019/11/30 v1.4a Standard LaTeX Graphics (DPC,SPQR)

("C:\Users\Alex_Machine\AppData\Local\Programs\MiKTeX 2.9\tex/latex/graphics\tr
ig.sty"
Package: trig 2016/01/03 v1.10 sin cos tan (DPC)
)
("C:\Users\Alex_Machine\AppData\Local\Programs\MiKTeX 2.9\tex/latex/graphics-cf
g\graphics.cfg"
File: graphics.cfg 2016/06/04 v1.11 sample graphics configuration
)
Package graphics Info: Driver file: pdftex.def on input line 105.

("C:\Users\Alex_Machine\AppData\Local\Programs\MiKTeX 2.9\tex/latex/graphics-de
f\pdftex.def"
File: pdftex.def 2018/01/08 v1.0l Graphics/color driver for pdftex
))
\Gin@req@height=\dimen145
\Gin@req@width=\dimen146
)
("C:\Users\Alex_Machine\AppData\Local\Programs\MiKTeX 2.9\tex/latex/caption\sub
caption.sty"
Package: subcaption 2020/01/22 v1.3d Sub-captions (AR)

("C:\Users\Alex_Machine\AppData\Local\Programs\MiKTeX 2.9\tex/latex/caption\cap
tion.sty"
Package: caption 2020/05/10 v3.4j Customizing captions (AR)

("C:\Users\Alex_Machine\AppData\Local\Programs\MiKTeX 2.9\tex/latex/caption\cap
tion3.sty"
Package: caption3 2020/05/10 v1.11 caption3 kernel (AR)
Package caption3 Info: TeX engine: e-TeX on input line 61.
\captionmargin=\dimen147
\captionmargin@=\dimen148
\captionwidth=\dimen149
\caption@tempdima=\dimen150
\caption@indent=\dimen151
\caption@parindent=\dimen152
\caption@hangindent=\dimen153
Package caption Info: Standard document class detected.
)
\c@caption@flags=\count190
\c@continuedfloat=\count191
)
\c@subfigure=\count192
\c@subtable=\count193
)
("C:\Users\Alex_Machine\AppData\Local\Programs\MiKTeX 2.9\tex/latex/hyperref\hy
perref.sty"
Package: hyperref 2020/01/14 v7.00d Hypertext links for LaTeX

("C:\Users\Alex_Machine\AppData\Local\Programs\MiKTeX 2.9\tex/generic/ltxcmds\l
txcmds.sty"
Package: ltxcmds 2019/12/15 v1.24 LaTeX kernel commands for general use (HO)
)
("C:\Users\Alex_Machine\AppData\Local\Programs\MiKTeX 2.9\tex/generic/iftex\ift
ex.sty"
Package: iftex 2020/03/06 v1.0d TeX engine tests
)
("C:\Users\Alex_Machine\AppData\Local\Programs\MiKTeX 2.9\tex/latex/pdftexcmds\
pdftexcmds.sty"
Package: pdftexcmds 2019/11/24 v0.31 Utility functions of pdfTeX for LuaTeX (HO
)

("C:\Users\Alex_Machine\AppData\Local\Programs\MiKTeX 2.9\tex/generic/infwarerr
\infwarerr.sty"
Package: infwarerr 2019/12/03 v1.5 Providing info/warning/error messages (HO)
)
Package pdftexcmds Info: \pdf@primitive is available.
Package pdftexcmds Info: \pdf@ifprimitive is available.
Package pdftexcmds Info: \pdfdraftmode found.
)
("C:\Users\Alex_Machine\AppData\Local\Programs\MiKTeX 2.9\tex/generic/kvsetkeys
\kvsetkeys.sty"
Package: kvsetkeys 2019/12/15 v1.18 Key value parser (HO)
)
("C:\Users\Alex_Machine\AppData\Local\Programs\MiKTeX 2.9\tex/generic/kvdefinek
eys\kvdefinekeys.sty"
Package: kvdefinekeys 2019-12-19 v1.6 Define keys (HO)
)
("C:\Users\Alex_Machine\AppData\Local\Programs\MiKTeX 2.9\tex/generic/pdfescape
\pdfescape.sty"
Package: pdfescape 2019/12/09 v1.15 Implements pdfTeX's escape features (HO)
)
("C:\Users\Alex_Machine\AppData\Local\Programs\MiKTeX 2.9\tex/latex/hycolor\hyc
olor.sty"
Package: hycolor 2020-01-27 v1.10 Color options for hyperref/bookmark (HO)
)
("C:\Users\Alex_Machine\AppData\Local\Programs\MiKTeX 2.9\tex/latex/letltxmacro
\letltxmacro.sty"
Package: letltxmacro 2019/12/03 v1.6 Let assignment for LaTeX macros (HO)
)
("C:\Users\Alex_Machine\AppData\Local\Programs\MiKTeX 2.9\tex/latex/auxhook\aux
hook.sty"
Package: auxhook 2019-12-17 v1.6 Hooks for auxiliary files (HO)
)
("C:\Users\Alex_Machine\AppData\Local\Programs\MiKTeX 2.9\tex/latex/kvoptions\k
voptions.sty"
Package: kvoptions 2019/11/29 v3.13 Key value format for package options (HO)
)
\@linkdim=\dimen154
\Hy@linkcounter=\count194
\Hy@pagecounter=\count195

("C:\Users\Alex_Machine\AppData\Local\Programs\MiKTeX 2.9\tex/latex/hyperref\pd
1enc.def"
File: pd1enc.def 2020/01/14 v7.00d Hyperref: PDFDocEncoding definition (HO)
Now handling font encoding PD1 ...
... no UTF-8 mapping file for font encoding PD1
)
("C:\Users\Alex_Machine\AppData\Local\Programs\MiKTeX 2.9\tex/generic/intcalc\i
ntcalc.sty"
Package: intcalc 2019/12/15 v1.3 Expandable calculations with integers (HO)
)
("C:\Users\Alex_Machine\AppData\Local\Programs\MiKTeX 2.9\tex/generic/etexcmds\
etexcmds.sty"
Package: etexcmds 2019/12/15 v1.7 Avoid name clashes with e-TeX commands (HO)
)
\Hy@SavedSpaceFactor=\count196
Package hyperref Info: Option `unicode' set `true' on input line 3502.

("C:\Users\Alex_Machine\AppData\Local\Programs\MiKTeX 2.9\tex/latex/hyperref\pu
enc.def"
File: puenc.def 2020/01/14 v7.00d Hyperref: PDF Unicode definition (HO)
Now handling font encoding PU ...
... no UTF-8 mapping file for font encoding PU
)
Package hyperref Info: Option `colorlinks' set `true' on input line 4421.
Package hyperref Info: Hyper figures OFF on input line 4547.
Package hyperref Info: Link nesting OFF on input line 4552.
Package hyperref Info: Hyper index ON on input line 4555.
Package hyperref Info: Plain pages OFF on input line 4562.
Package hyperref Info: Backreferencing OFF on input line 4567.
Package hyperref Info: Implicit mode ON; LaTeX internals redefined.
Package hyperref Info: Bookmarks ON on input line 4800.
\c@Hy@tempcnt=\count197

("C:\Users\Alex_Machine\AppData\Local\Programs\MiKTeX 2.9\tex/latex/url\url.sty
"
\Urlmuskip=\muskip17
Package: url 2013/09/16  ver 3.4  Verb mode for urls, etc.
)
LaTeX Info: Redefining \url on input line 5159.
\XeTeXLinkMargin=\dimen155

("C:\Users\Alex_Machine\AppData\Local\Programs\MiKTeX 2.9\tex/generic/bitset\bi
tset.sty"
Package: bitset 2019/12/09 v1.3 Handle bit-vector datatype (HO)

("C:\Users\Alex_Machine\AppData\Local\Programs\MiKTeX 2.9\tex/generic/bigintcal
c\bigintcalc.sty"
Package: bigintcalc 2019/12/15 v1.5 Expandable calculations on big integers (HO
)
))
\Fld@menulength=\count198
\Field@Width=\dimen156
\Fld@charsize=\dimen157
Package hyperref Info: Hyper figures OFF on input line 6430.
Package hyperref Info: Link nesting OFF on input line 6435.
Package hyperref Info: Hyper index ON on input line 6438.
Package hyperref Info: backreferencing OFF on input line 6445.
Package hyperref Info: Link coloring ON on input line 6448.
Package hyperref Info: Link coloring with OCG OFF on input line 6455.
Package hyperref Info: PDF/A mode OFF on input line 6460.
LaTeX Info: Redefining \ref on input line 6500.
LaTeX Info: Redefining \pageref on input line 6504.

("C:\Users\Alex_Machine\AppData\Local\Programs\MiKTeX 2.9\tex/generic/atbegshi\
atbegshi.sty"
Package: atbegshi 2019/12/05 v1.19 At begin shipout hook (HO)
)
\Hy@abspage=\count199
\c@Item=\count266
\c@Hfootnote=\count267
)
Package hyperref Info: Driver (autodetected): hpdftex.

("C:\Users\Alex_Machine\AppData\Local\Programs\MiKTeX 2.9\tex/latex/hyperref\hp
dftex.def"
File: hpdftex.def 2020/01/14 v7.00d Hyperref driver for pdfTeX

("C:\Users\Alex_Machine\AppData\Local\Programs\MiKTeX 2.9\tex/latex/atveryend\a
tveryend.sty"
Package: atveryend 2019-12-11 v1.11 Hooks at the very end of document (HO)
Package atveryend Info: \enddocument detected (standard20110627).
)
\Fld@listcount=\count268
\c@bookmark@seq@number=\count269

("C:\Users\Alex_Machine\AppData\Local\Programs\MiKTeX 2.9\tex/latex/rerunfilech
eck\rerunfilecheck.sty"
Package: rerunfilecheck 2019/12/05 v1.9 Rerun checks for auxiliary files (HO)

("C:\Users\Alex_Machine\AppData\Local\Programs\MiKTeX 2.9\tex/generic/uniquecou
nter\uniquecounter.sty"
Package: uniquecounter 2019/12/15 v1.4 Provide unlimited unique counter (HO)
)
Package uniquecounter Info: New unique counter `rerunfilecheck' on input line 2
86.
)
\Hy@SectionHShift=\skip52
)
("C:\Users\Alex_Machine\AppData\Local\Programs\MiKTeX 2.9\tex/latex/fancybox\fa
ncybox.sty"
Package: fancybox 2010/05/15 1.4

Style option: `fancybox' v1.4 <2010/05/15> (tvz)
\@fancybox=\box47
\shadowsize=\dimen158
\@Sbox=\box48
\do@VerbBox=\toks22
\the@fancyput=\toks23
\this@fancyput=\toks24
\EndVerbatimTokens=\toks25
\Verbatim@Outfile=\write3
\Verbatim@Infile=\read3
)
("C:\Users\Alex_Machine\AppData\Local\Programs\MiKTeX 2.9\tex/latex/fancyhdr\fa
ncyhdr.sty"
Package: fancyhdr 2019/01/31 v3.10 Extensive control of page headers and footer
s
\f@nch@headwidth=\skip53
\f@nch@O@elh=\skip54
\f@nch@O@erh=\skip55
\f@nch@O@olh=\skip56
\f@nch@O@orh=\skip57
\f@nch@O@elf=\skip58
\f@nch@O@erf=\skip59
\f@nch@O@olf=\skip60
\f@nch@O@orf=\skip61
)
("C:\Users\Alex_Machine\AppData\Local\Programs\MiKTeX 2.9\tex/latex/tools\inden
tfirst.sty"
Package: indentfirst 1995/11/23 v1.03 Indent first paragraph (DPC)
)
("C:\Users\Alex_Machine\AppData\Local\Programs\MiKTeX 2.9\tex/latex/l3backend\l
3backend-pdfmode.def"
File: l3backend-pdfmode.def 2020-03-12 L3 backend support: PDF mode
\l__kernel_color_stack_int=\count270
\l__pdf_internal_box=\box49
) (ML.aux
LaTeX Font Info:    Trying to load font information for T2A+cmr on input line 2
1.

("C:\Users\Alex_Machine\AppData\Local\Programs\MiKTeX 2.9\tex/latex/cyrillic\t2
acmr.fd"
File: t2acmr.fd 2001/08/11 v1.0a Computer Modern Cyrillic font definitions
))
\openout1 = `ML.aux'.

LaTeX Font Info:    Checking defaults for OML/cmm/m/it on input line 36.
LaTeX Font Info:    ... okay on input line 36.
LaTeX Font Info:    Checking defaults for OMS/cmsy/m/n on input line 36.
LaTeX Font Info:    ... okay on input line 36.
LaTeX Font Info:    Checking defaults for OT1/cmr/m/n on input line 36.
LaTeX Font Info:    ... okay on input line 36.
LaTeX Font Info:    Checking defaults for T1/cmr/m/n on input line 36.
LaTeX Font Info:    ... okay on input line 36.
LaTeX Font Info:    Checking defaults for TS1/cmr/m/n on input line 36.
LaTeX Font Info:    ... okay on input line 36.
LaTeX Font Info:    Checking defaults for OMX/cmex/m/n on input line 36.
LaTeX Font Info:    ... okay on input line 36.
LaTeX Font Info:    Checking defaults for U/cmr/m/n on input line 36.
LaTeX Font Info:    ... okay on input line 36.
LaTeX Font Info:    Checking defaults for T2A/cmr/m/n on input line 36.
LaTeX Font Info:    ... okay on input line 36.
LaTeX Font Info:    Checking defaults for PD1/pdf/m/n on input line 36.
LaTeX Font Info:    ... okay on input line 36.
LaTeX Font Info:    Checking defaults for PU/pdf/m/n on input line 36.
LaTeX Font Info:    ... okay on input line 36.

("C:\Users\Alex_Machine\AppData\Local\Programs\MiKTeX 2.9\tex/context/base/mkii
\supp-pdf.mkii"
[Loading MPS to PDF converter (version 2006.09.02).]
\scratchcounter=\count271
\scratchdimen=\dimen159
\scratchbox=\box50
\nofMPsegments=\count272
\nofMParguments=\count273
\everyMPshowfont=\toks26
\MPscratchCnt=\count274
\MPscratchDim=\dimen160
\MPnumerator=\count275
\makeMPintoPDFobject=\count276
\everyMPtoPDFconversion=\toks27
)
("C:\Users\Alex_Machine\AppData\Local\Programs\MiKTeX 2.9\tex/latex/epstopdf-pk
g\epstopdf-base.sty"
Package: epstopdf-base 2020-01-24 v2.11 Base part for package epstopdf
Package epstopdf-base Info: Redefining graphics rule for `.eps' on input line 4
85.
)
Package caption Info: Begin \AtBeginDocument code.
Package caption Info: hyperref package is loaded.
Package caption Info: End \AtBeginDocument code.
\AtBeginShipoutBox=\box51

("C:\Users\Alex_Machine\AppData\Local\Programs\MiKTeX 2.9\tex/latex/graphics\co
lor.sty"
Package: color 2019/11/23 v1.2a Standard LaTeX Color (DPC)

("C:\Users\Alex_Machine\AppData\Local\Programs\MiKTeX 2.9\tex/latex/graphics-cf
g\color.cfg"
File: color.cfg 2016/01/02 v1.6 sample color configuration
)
Package color Info: Driver file: pdftex.def on input line 147.
)
Package hyperref Info: Link coloring ON on input line 36.

("C:\Users\Alex_Machine\AppData\Local\Programs\MiKTeX 2.9\tex/latex/hyperref\na
meref.sty"
Package: nameref 2019/09/16 v2.46 Cross-referencing by name of section

("C:\Users\Alex_Machine\AppData\Local\Programs\MiKTeX 2.9\tex/latex/refcount\re
fcount.sty"
Package: refcount 2019/12/15 v3.6 Data extraction from label references (HO)
)
("C:\Users\Alex_Machine\AppData\Local\Programs\MiKTeX 2.9\tex/generic/gettitles
tring\gettitlestring.sty"
Package: gettitlestring 2019/12/15 v1.6 Cleanup title references (HO)
)
\c@section@level=\count277
)
LaTeX Info: Redefining \ref on input line 36.
LaTeX Info: Redefining \pageref on input line 36.
LaTeX Info: Redefining \nameref on input line 36.
 (ML.out) (ML.out)
\@outlinefile=\write4
\openout4 = `ML.out'.

 (ML.toc
LaTeX Font Info:    Trying to load font information for U+msa on input line 3.

("C:\Users\Alex_Machine\AppData\Local\Programs\MiKTeX 2.9\tex/latex/amsfonts\um
sa.fd"
File: umsa.fd 2013/01/14 v3.01 AMS symbols A
)
LaTeX Font Info:    Trying to load font information for U+msb on input line 3.

("C:\Users\Alex_Machine\AppData\Local\Programs\MiKTeX 2.9\tex/latex/amsfonts\um
sb.fd"
File: umsb.fd 2013/01/14 v3.01 AMS symbols B
))
\tf@toc=\write5
\openout5 = `ML.toc'.

 [1


Non-PDF special ignored!
<special> papersize=170mm,240mm

{C:/Users/Alex_Machine/AppData/Local/MiKTeX/2.9/pdftex/config/pdftex.map}]
{\cyrillictext \CYRG \cyrl \cyra \cyrv \cyra } 1.

Overfull \hbox (2.93536pt too wide) in paragraph at lines 51--53
\T2A/cmr/m/n/10 ƒанна€ функ-ци€ -- \T2A/cmr/bx/n/10 мо-дель\T2A/cmr/m/n/10 , а 
на-бор при-ме-ров -- \T2A/cmr/bx/n/10 обу-ча-ю-ща€ вы-бор-ка (dataset)\T2A/cmr/
m/n/10 . 
 []


Overfull \hbox (1.3926pt too wide) in paragraph at lines 66--67
[]\T2A/cmr/m/n/10 ќпределенные вы-ше за-да-чи -- \T2A/cmr/bx/n/10 обу-че-ние с 
учи-те-лем(supervised learning)\T2A/cmr/m/n/10 ,
 []


Underfull \vbox (badness 10000) has occurred while \output is active []

 [2

]
Overfull \hbox (18.79807pt too wide) in paragraph at lines 75--76
[]\T2A/cmr/m/n/10 »меетс€ дру-гой класс задач--\T2A/cmr/bx/n/10 обучение без уч
и-те-л€ (unsupervised learning)\T2A/cmr/m/n/10 --
 []

[3]
{\cyrillictext \CYRG \cyrl \cyra \cyrv \cyra } 2.
[4

]
{\cyrillictext \CYRG \cyrl \cyra \cyrv \cyra } 3.
<pictures/backpropagation/1-1-1_network.png, id=100, 702.625pt x 287.0725pt>
File: pictures/backpropagation/1-1-1_network.png Graphic file (type png)
<use pictures/backpropagation/1-1-1_network.png>
Package pdftex.def Info: pictures/backpropagation/1-1-1_network.png  used on in
put line 113.
(pdftex.def)             Requested size: 369.88582pt x 151.12706pt.

LaTeX Warning: `!h' float specifier changed to `!ht'.

[5

]

Package hyperref Warning: Token not allowed in a PDF string (Unicode):
(hyperref)                removing `math shift' on input line 122.


Package hyperref Warning: Token not allowed in a PDF string (Unicode):
(hyperref)                removing `math shift' on input line 122.

<pictures/backpropagation/last_layer.png, id=107, 702.625pt x 351.3125pt>
File: pictures/backpropagation/last_layer.png Graphic file (type png)
<use pictures/backpropagation/last_layer.png>
Package pdftex.def Info: pictures/backpropagation/last_layer.png  used on input
 line 128.
(pdftex.def)             Requested size: 369.88582pt x 184.94571pt.

LaTeX Warning: `!h' float specifier changed to `!ht'.

[6 <./pictures/backpropagation/1-1-1_network.png (PNG copy)>]
<pictures/backpropagation/sigma.png, id=117, 702.625pt x 302.12875pt>
File: pictures/backpropagation/sigma.png Graphic file (type png)
<use pictures/backpropagation/sigma.png>
Package pdftex.def Info: pictures/backpropagation/sigma.png  used on input line
 137.
(pdftex.def)             Requested size: 369.88582pt x 159.05331pt.
<pictures/backpropagation/chain_rule.png, id=118, 702.625pt x 413.545pt>
File: pictures/backpropagation/chain_rule.png Graphic file (type png)
<use pictures/backpropagation/chain_rule.png>
Package pdftex.def Info: pictures/backpropagation/chain_rule.png  used on input
 line 146.
(pdftex.def)             Requested size: 369.88582pt x 217.70752pt.
 [7 <./pictures/backpropagation/last_layer.png (PNG copy)> <./pictures/backprop
agation/sigma.png (PNG copy)>]
<pictures/backpropagation/derivative_itself.png, id=127, 702.625pt x 214.8025pt
>
File: pictures/backpropagation/derivative_itself.png Graphic file (type png)
<use pictures/backpropagation/derivative_itself.png>
Package pdftex.def Info: pictures/backpropagation/derivative_itself.png  used o
n input line 155.
(pdftex.def)             Requested size: 369.88582pt x 113.08109pt.
 [8 <./pictures/backpropagation/chain_rule.png (PNG copy)> <./pictures/backprop
agation/derivative_itself.png (PNG copy)>]
<pictures/backpropagation/bias.png, id=134, 702.625pt x 412.54124pt>
File: pictures/backpropagation/bias.png Graphic file (type png)
<use pictures/backpropagation/bias.png>
Package pdftex.def Info: pictures/backpropagation/bias.png  used on input line 
176.
(pdftex.def)             Requested size: 369.88582pt x 217.17911pt.
<pictures/backpropagation/derivative_itself_bias.png, id=135, 702.625pt x 229.8
5875pt>
File: pictures/backpropagation/derivative_itself_bias.png Graphic file (type pn
g)
<use pictures/backpropagation/derivative_itself_bias.png>
Package pdftex.def Info: pictures/backpropagation/derivative_itself_bias.png  u
sed on input line 185.
(pdftex.def)             Requested size: 369.88582pt x 121.00732pt.


LaTeX Warning: `!h' float specifier changed to `!ht'.

[9 <./pictures/backpropagation/bias.png (PNG copy)>]
<pictures/backpropagation/updating.png, id=141, 702.625pt x 366.36874pt>
File: pictures/backpropagation/updating.png Graphic file (type png)
<use pictures/backpropagation/updating.png>
Package pdftex.def Info: pictures/backpropagation/updating.png  used on input l
ine 194.
(pdftex.def)             Requested size: 369.88582pt x 192.87195pt.
<pictures/backpropagation/last_activation.png, id=143, 702.625pt x 418.56375pt>

File: pictures/backpropagation/last_activation.png Graphic file (type png)
<use pictures/backpropagation/last_activation.png>
Package pdftex.def Info: pictures/backpropagation/last_activation.png  used on 
input line 207.
(pdftex.def)             Requested size: 369.88582pt x 220.34961pt.


LaTeX Warning: `!h' float specifier changed to `!ht'.

<pictures/backpropagation/last_activation_itself.png, id=144, 702.625pt x 206.7
725pt>
File: pictures/backpropagation/last_activation_itself.png Graphic file (type pn
g)
<use pictures/backpropagation/last_activation_itself.png>
Package pdftex.def Info: pictures/backpropagation/last_activation_itself.png  u
sed on input line 216.
(pdftex.def)             Requested size: 369.88582pt x 108.85376pt.

Underfull \vbox (badness 1960) has occurred while \output is active []

 [10 <./pictures/backpropagation/derivative_itself_bias.png (PNG copy)> <./pict
ures/backpropagation/updating.png (PNG copy)>]

Package hyperref Warning: Token not allowed in a PDF string (Unicode):
(hyperref)                removing `math shift' on input line 221.


Package hyperref Warning: Token not allowed in a PDF string (Unicode):
(hyperref)                removing `math shift' on input line 221.

<pictures/backpropagation/first_layer.png, id=151, 702.625pt x 226.8475pt>
File: pictures/backpropagation/first_layer.png Graphic file (type png)
<use pictures/backpropagation/first_layer.png>
Package pdftex.def Info: pictures/backpropagation/first_layer.png  used on inpu
t line 227.
(pdftex.def)             Requested size: 369.88582pt x 119.42209pt.

LaTeX Warning: `!h' float specifier changed to `!ht'.


Overfull \hbox (6.88303pt too wide) in paragraph at lines 232--233
[]\T2A/cmr/m/n/10 јналогично, ис-поль-зу€ цеп-ное пра-ви-ло, по-смот-рим, как и
з-ме-не-ние ве-са $\OML/cmm/m/it/10 w[]$
 []

[11 <./pictures/backpropagation/last_activation.png (PNG copy)> <./pictures/bac
kpropagation/last_activation_itself.png (PNG copy)>]
<pictures/backpropagation/first_layer_weight.png, id=158, 702.625pt x 477.785pt
>
File: pictures/backpropagation/first_layer_weight.png Graphic file (type png)
<use pictures/backpropagation/first_layer_weight.png>
Package pdftex.def Info: pictures/backpropagation/first_layer_weight.png  used 
on input line 236.
(pdftex.def)             Requested size: 369.88582pt x 251.52617pt.
<pictures/backpropagation/first_layer_itself.png, id=159, 702.625pt x 133.49875
pt>
File: pictures/backpropagation/first_layer_itself.png Graphic file (type png)
<use pictures/backpropagation/first_layer_itself.png>
Package pdftex.def Info: pictures/backpropagation/first_layer_itself.png  used 
on input line 245.
(pdftex.def)             Requested size: 369.88582pt x 70.27936pt.


LaTeX Warning: `!h' float specifier changed to `!ht'.

Package atveryend Info: Empty hook `BeforeClearDocument' on input line 273.
[12 <./pictures/backpropagation/first_layer.png (PNG copy)> <./pictures/backpro
pagation/first_layer_weight.png (PNG copy)>] [13 <./pictures/backpropagation/fi
rst_layer_itself.png (PNG copy)>]
Package atveryend Info: Empty hook `AfterLastShipout' on input line 273.
 (ML.aux)
Package atveryend Info: Executing hook `AtVeryEndDocument' on input line 273.
Package atveryend Info: Executing hook `AtEndAfterFileList' on input line 273.
Package rerunfilecheck Info: File `ML.out' has not changed.
(rerunfilecheck)             Checksum: 9EDE4BAC658CE2BCAA7A0376AE5F91E7;2550.
Package atveryend Info: Empty hook `AtVeryVeryEnd' on input line 273.
 ) 
Here is how much of TeX's memory you used:
 12003 strings out of 480930
 179209 string characters out of 2896479
 429763 words of memory out of 3000000
 27641 multiletter control sequences out of 15000+200000
 551364 words of font info for 66 fonts, out of 3000000 for 9000
 1141 hyphenation exceptions out of 8191
 45i,11n,47p,1775b,403s stack positions out of 5000i,500n,10000p,200000b,50000s
 <C:\Users\Alex_Machine\AppData\Local\MiKTeX\2.9\fonts/pk/ljfour/lh/lh-t2a/dp
i600\labx1200.pk> <C:\Users\Alex_Machine\AppData\Local\MiKTeX\2.9\fonts/pk/ljfo
ur/jknappen/ec/dpi600\tcrm1000.pk> <C:\Users\Alex_Machine\AppData\Local\MiKTeX\
2.9\fonts/pk/ljfour/lh/lh-t2a/dpi600\lati1000.pk> <C:\Users\Alex_Machine\AppDat
a\Local\MiKTeX\2.9\fonts/pk/ljfour/lh/lh-t2a/dpi600\labx1440.pk> <C:\Users\Alex
_Machine\AppData\Local\MiKTeX\2.9\fonts/pk/ljfour/lh/lh-t2a/dpi600\labx2074.pk>
 <C:\Users\Alex_Machine\AppData\Local\MiKTeX\2.9\fonts/pk/ljfour/lh/lh-t2a/dpi6
00\larm1000.pk> <C:\Users\Alex_Machine\AppData\Local\MiKTeX\2.9\fonts/pk/ljfour
/lh/lh-t2a/dpi600\labx1000.pk> <C:\Users\Alex_Machine\AppData\Local\MiKTeX\2.9\
fonts/pk/ljfour/lh/lh-t2a/dpi600\labx2488.pk><C:/Users/Alex_Machine/AppData/Loc
al/Programs/MiKTeX 2.9/fonts/type1/public/amsfonts/cm/cmex10.pfb><C:/Users/Alex
_Machine/AppData/Local/Programs/MiKTeX 2.9/fonts/type1/public/amsfonts/cm/cmmi1
0.pfb><C:/Users/Alex_Machine/AppData/Local/Programs/MiKTeX 2.9/fonts/type1/publ
ic/amsfonts/cm/cmmi12.pfb><C:/Users/Alex_Machine/AppData/Local/Programs/MiKTeX 
2.9/fonts/type1/public/amsfonts/cm/cmmi7.pfb><C:/Users/Alex_Machine/AppData/Loc
al/Programs/MiKTeX 2.9/fonts/type1/public/amsfonts/cm/cmr10.pfb><C:/Users/Alex_
Machine/AppData/Local/Programs/MiKTeX 2.9/fonts/type1/public/amsfonts/cm/cmr12.
pfb><C:/Users/Alex_Machine/AppData/Local/Programs/MiKTeX 2.9/fonts/type1/public
/amsfonts/cm/cmr7.pfb><C:/Users/Alex_Machine/AppData/Local/Programs/MiKTeX 2.9/
fonts/type1/public/amsfonts/cm/cmsy10.pfb><C:/Users/Alex_Machine/AppData/Local/
Programs/MiKTeX 2.9/fonts/type1/public/amsfonts/cm/cmsy7.pfb><C:/Users/Alex_Mac
hine/AppData/Local/Programs/MiKTeX 2.9/fonts/type1/public/amsfonts/symbols/msbm
10.pfb>
Output written on ML.pdf (13 pages, 679563 bytes).
PDF statistics:
 534 PDF objects out of 1000 (max. 8388607)
 41 named destinations out of 1000 (max. 500000)
 170 words of extra memory for PDF output out of 10000 (max. 10000000)

